<?xml version="1.0" encoding="UTF-8"?>
<testsuite xmlns:xsi="http://www.w3.org/2001/XMLSchema-instance" xsi:noNamespaceSchemaLocation="https://maven.apache.org/surefire/maven-surefire-plugin/xsd/surefire-test-report.xsd" name="com.example.swagger.SwaggerApplicationTests" time="4.701" tests="1" errors="0" skipped="0" failures="0">
  <properties>
    <property name="sun.desktop" value="windows"/>
    <property name="awt.toolkit" value="sun.awt.windows.WToolkit"/>
    <property name="file.encoding.pkg" value="sun.io"/>
    <property name="java.specification.version" value="1.8"/>
    <property name="sun.cpu.isalist" value="amd64"/>
    <property name="sun.jnu.encoding" value="GBK"/>
    <property name="java.class.path" value="G:\Java\源码\demo\swagger\target\test-classes;G:\Java\源码\demo\swagger\target\classes;G:\Java\apache-maven-3.5.4\mvn_repository\org\springframework\boot\spring-boot-starter-web\2.3.3.RELEASE\spring-boot-starter-web-2.3.3.RELEASE.jar;G:\Java\apache-maven-3.5.4\mvn_repository\org\springframework\boot\spring-boot-starter\2.3.3.RELEASE\spring-boot-starter-2.3.3.RELEASE.jar;G:\Java\apache-maven-3.5.4\mvn_repository\org\springframework\boot\spring-boot\2.3.3.RELEASE\spring-boot-2.3.3.RELEASE.jar;G:\Java\apache-maven-3.5.4\mvn_repository\org\springframework\boot\spring-boot-autoconfigure\2.3.3.RELEASE\spring-boot-autoconfigure-2.3.3.RELEASE.jar;G:\Java\apache-maven-3.5.4\mvn_repository\org\springframework\boot\spring-boot-starter-logging\2.3.3.RELEASE\spring-boot-starter-logging-2.3.3.RELEASE.jar;G:\Java\apache-maven-3.5.4\mvn_repository\ch\qos\logback\logback-classic\1.2.3\logback-classic-1.2.3.jar;G:\Java\apache-maven-3.5.4\mvn_repository\ch\qos\logback\logback-core\1.2.3\logback-core-1.2.3.jar;G:\Java\apache-maven-3.5.4\mvn_repository\org\apache\logging\log4j\log4j-to-slf4j\2.13.3\log4j-to-slf4j-2.13.3.jar;G:\Java\apache-maven-3.5.4\mvn_repository\org\apache\logging\log4j\log4j-api\2.13.3\log4j-api-2.13.3.jar;G:\Java\apache-maven-3.5.4\mvn_repository\org\slf4j\jul-to-slf4j\1.7.30\jul-to-slf4j-1.7.30.jar;G:\Java\apache-maven-3.5.4\mvn_repository\jakarta\annotation\jakarta.annotation-api\1.3.5\jakarta.annotation-api-1.3.5.jar;G:\Java\apache-maven-3.5.4\mvn_repository\org\yaml\snakeyaml\1.26\snakeyaml-1.26.jar;G:\Java\apache-maven-3.5.4\mvn_repository\org\springframework\boot\spring-boot-starter-json\2.3.3.RELEASE\spring-boot-starter-json-2.3.3.RELEASE.jar;G:\Java\apache-maven-3.5.4\mvn_repository\com\fasterxml\jackson\core\jackson-databind\2.11.2\jackson-databind-2.11.2.jar;G:\Java\apache-maven-3.5.4\mvn_repository\com\fasterxml\jackson\core\jackson-core\2.11.2\jackson-core-2.11.2.jar;G:\Java\apache-maven-3.5.4\mvn_repository\com\fasterxml\jackson\datatype\jackson-datatype-jdk8\2.11.2\jackson-datatype-jdk8-2.11.2.jar;G:\Java\apache-maven-3.5.4\mvn_repository\com\fasterxml\jackson\datatype\jackson-datatype-jsr310\2.11.2\jackson-datatype-jsr310-2.11.2.jar;G:\Java\apache-maven-3.5.4\mvn_repository\com\fasterxml\jackson\module\jackson-module-parameter-names\2.11.2\jackson-module-parameter-names-2.11.2.jar;G:\Java\apache-maven-3.5.4\mvn_repository\org\springframework\boot\spring-boot-starter-tomcat\2.3.3.RELEASE\spring-boot-starter-tomcat-2.3.3.RELEASE.jar;G:\Java\apache-maven-3.5.4\mvn_repository\org\apache\tomcat\embed\tomcat-embed-core\9.0.37\tomcat-embed-core-9.0.37.jar;G:\Java\apache-maven-3.5.4\mvn_repository\org\glassfish\jakarta.el\3.0.3\jakarta.el-3.0.3.jar;G:\Java\apache-maven-3.5.4\mvn_repository\org\apache\tomcat\embed\tomcat-embed-websocket\9.0.37\tomcat-embed-websocket-9.0.37.jar;G:\Java\apache-maven-3.5.4\mvn_repository\org\springframework\spring-web\5.2.8.RELEASE\spring-web-5.2.8.RELEASE.jar;G:\Java\apache-maven-3.5.4\mvn_repository\org\springframework\spring-beans\5.2.8.RELEASE\spring-beans-5.2.8.RELEASE.jar;G:\Java\apache-maven-3.5.4\mvn_repository\org\springframework\spring-webmvc\5.2.8.RELEASE\spring-webmvc-5.2.8.RELEASE.jar;G:\Java\apache-maven-3.5.4\mvn_repository\org\springframework\spring-aop\5.2.8.RELEASE\spring-aop-5.2.8.RELEASE.jar;G:\Java\apache-maven-3.5.4\mvn_repository\org\springframework\spring-context\5.2.8.RELEASE\spring-context-5.2.8.RELEASE.jar;G:\Java\apache-maven-3.5.4\mvn_repository\org\springframework\spring-expression\5.2.8.RELEASE\spring-expression-5.2.8.RELEASE.jar;G:\Java\apache-maven-3.5.4\mvn_repository\org\springframework\boot\spring-boot-starter-test\2.3.3.RELEASE\spring-boot-starter-test-2.3.3.RELEASE.jar;G:\Java\apache-maven-3.5.4\mvn_repository\org\springframework\boot\spring-boot-test\2.3.3.RELEASE\spring-boot-test-2.3.3.RELEASE.jar;G:\Java\apache-maven-3.5.4\mvn_repository\org\springframework\boot\spring-boot-test-autoconfigure\2.3.3.RELEASE\spring-boot-test-autoconfigure-2.3.3.RELEASE.jar;G:\Java\apache-maven-3.5.4\mvn_repository\com\jayway\jsonpath\json-path\2.4.0\json-path-2.4.0.jar;G:\Java\apache-maven-3.5.4\mvn_repository\net\minidev\json-smart\2.3\json-smart-2.3.jar;G:\Java\apache-maven-3.5.4\mvn_repository\net\minidev\accessors-smart\1.2\accessors-smart-1.2.jar;G:\Java\apache-maven-3.5.4\mvn_repository\org\ow2\asm\asm\5.0.4\asm-5.0.4.jar;G:\Java\apache-maven-3.5.4\mvn_repository\jakarta\xml\bind\jakarta.xml.bind-api\2.3.3\jakarta.xml.bind-api-2.3.3.jar;G:\Java\apache-maven-3.5.4\mvn_repository\jakarta\activation\jakarta.activation-api\1.2.2\jakarta.activation-api-1.2.2.jar;G:\Java\apache-maven-3.5.4\mvn_repository\org\assertj\assertj-core\3.16.1\assertj-core-3.16.1.jar;G:\Java\apache-maven-3.5.4\mvn_repository\org\hamcrest\hamcrest\2.2\hamcrest-2.2.jar;G:\Java\apache-maven-3.5.4\mvn_repository\org\junit\jupiter\junit-jupiter\5.6.2\junit-jupiter-5.6.2.jar;G:\Java\apache-maven-3.5.4\mvn_repository\org\junit\jupiter\junit-jupiter-api\5.6.2\junit-jupiter-api-5.6.2.jar;G:\Java\apache-maven-3.5.4\mvn_repository\org\apiguardian\apiguardian-api\1.1.0\apiguardian-api-1.1.0.jar;G:\Java\apache-maven-3.5.4\mvn_repository\org\opentest4j\opentest4j\1.2.0\opentest4j-1.2.0.jar;G:\Java\apache-maven-3.5.4\mvn_repository\org\junit\platform\junit-platform-commons\1.6.2\junit-platform-commons-1.6.2.jar;G:\Java\apache-maven-3.5.4\mvn_repository\org\junit\jupiter\junit-jupiter-params\5.6.2\junit-jupiter-params-5.6.2.jar;G:\Java\apache-maven-3.5.4\mvn_repository\org\junit\jupiter\junit-jupiter-engine\5.6.2\junit-jupiter-engine-5.6.2.jar;G:\Java\apache-maven-3.5.4\mvn_repository\org\junit\platform\junit-platform-engine\1.6.2\junit-platform-engine-1.6.2.jar;G:\Java\apache-maven-3.5.4\mvn_repository\org\mockito\mockito-core\3.3.3\mockito-core-3.3.3.jar;G:\Java\apache-maven-3.5.4\mvn_repository\net\bytebuddy\byte-buddy\1.10.14\byte-buddy-1.10.14.jar;G:\Java\apache-maven-3.5.4\mvn_repository\net\bytebuddy\byte-buddy-agent\1.10.14\byte-buddy-agent-1.10.14.jar;G:\Java\apache-maven-3.5.4\mvn_repository\org\objenesis\objenesis\2.6\objenesis-2.6.jar;G:\Java\apache-maven-3.5.4\mvn_repository\org\mockito\mockito-junit-jupiter\3.3.3\mockito-junit-jupiter-3.3.3.jar;G:\Java\apache-maven-3.5.4\mvn_repository\org\skyscreamer\jsonassert\1.5.0\jsonassert-1.5.0.jar;G:\Java\apache-maven-3.5.4\mvn_repository\com\vaadin\external\google\android-json\0.0.20131108.vaadin1\android-json-0.0.20131108.vaadin1.jar;G:\Java\apache-maven-3.5.4\mvn_repository\org\springframework\spring-core\5.2.8.RELEASE\spring-core-5.2.8.RELEASE.jar;G:\Java\apache-maven-3.5.4\mvn_repository\org\springframework\spring-jcl\5.2.8.RELEASE\spring-jcl-5.2.8.RELEASE.jar;G:\Java\apache-maven-3.5.4\mvn_repository\org\springframework\spring-test\5.2.8.RELEASE\spring-test-5.2.8.RELEASE.jar;G:\Java\apache-maven-3.5.4\mvn_repository\org\xmlunit\xmlunit-core\2.7.0\xmlunit-core-2.7.0.jar;G:\Java\apache-maven-3.5.4\mvn_repository\io\springfox\springfox-swagger2\2.9.2\springfox-swagger2-2.9.2.jar;G:\Java\apache-maven-3.5.4\mvn_repository\io\swagger\swagger-annotations\1.5.20\swagger-annotations-1.5.20.jar;G:\Java\apache-maven-3.5.4\mvn_repository\io\swagger\swagger-models\1.5.20\swagger-models-1.5.20.jar;G:\Java\apache-maven-3.5.4\mvn_repository\com\fasterxml\jackson\core\jackson-annotations\2.11.2\jackson-annotations-2.11.2.jar;G:\Java\apache-maven-3.5.4\mvn_repository\io\springfox\springfox-spi\2.9.2\springfox-spi-2.9.2.jar;G:\Java\apache-maven-3.5.4\mvn_repository\io\springfox\springfox-core\2.9.2\springfox-core-2.9.2.jar;G:\Java\apache-maven-3.5.4\mvn_repository\io\springfox\springfox-schema\2.9.2\springfox-schema-2.9.2.jar;G:\Java\apache-maven-3.5.4\mvn_repository\io\springfox\springfox-swagger-common\2.9.2\springfox-swagger-common-2.9.2.jar;G:\Java\apache-maven-3.5.4\mvn_repository\io\springfox\springfox-spring-web\2.9.2\springfox-spring-web-2.9.2.jar;G:\Java\apache-maven-3.5.4\mvn_repository\com\google\guava\guava\20.0\guava-20.0.jar;G:\Java\apache-maven-3.5.4\mvn_repository\com\fasterxml\classmate\1.5.1\classmate-1.5.1.jar;G:\Java\apache-maven-3.5.4\mvn_repository\org\slf4j\slf4j-api\1.7.30\slf4j-api-1.7.30.jar;G:\Java\apache-maven-3.5.4\mvn_repository\org\springframework\plugin\spring-plugin-core\1.2.0.RELEASE\spring-plugin-core-1.2.0.RELEASE.jar;G:\Java\apache-maven-3.5.4\mvn_repository\org\springframework\plugin\spring-plugin-metadata\1.2.0.RELEASE\spring-plugin-metadata-1.2.0.RELEASE.jar;G:\Java\apache-maven-3.5.4\mvn_repository\org\mapstruct\mapstruct\1.2.0.Final\mapstruct-1.2.0.Final.jar;G:\Java\apache-maven-3.5.4\mvn_repository\io\springfox\springfox-swagger-ui\2.9.2\springfox-swagger-ui-2.9.2.jar;"/>
    <property name="java.vm.vendor" value="Oracle Corporation"/>
    <property name="sun.arch.data.model" value="64"/>
    <property name="user.variant" value=""/>
    <property name="java.vendor.url" value="http://java.oracle.com/"/>
    <property name="user.timezone" value="Asia/Shanghai"/>
    <property name="java.vm.specification.version" value="1.8"/>
    <property name="os.name" value="Windows 7"/>
    <property name="user.country" value="CN"/>
    <property name="sun.java.launcher" value="SUN_STANDARD"/>
    <property name="sun.boot.library.path" value="C:\Program Files\Java\jdk1.8.0_181\jre\bin"/>
    <property name="sun.java.command" value="C:\Users\QIUGAN~1\AppData\Local\Temp\surefire9063141085017540757\surefirebooter3121780501330295714.jar C:\Users\qiugantao\AppData\Local\Temp\surefire9063141085017540757 2020-11-12T15-13-33_822-jvmRun1 surefire4637594174979868869tmp surefire_0406855343150705056tmp"/>
    <property name="surefire.test.class.path" value="G:\Java\源码\demo\swagger\target\test-classes;G:\Java\源码\demo\swagger\target\classes;G:\Java\apache-maven-3.5.4\mvn_repository\org\springframework\boot\spring-boot-starter-web\2.3.3.RELEASE\spring-boot-starter-web-2.3.3.RELEASE.jar;G:\Java\apache-maven-3.5.4\mvn_repository\org\springframework\boot\spring-boot-starter\2.3.3.RELEASE\spring-boot-starter-2.3.3.RELEASE.jar;G:\Java\apache-maven-3.5.4\mvn_repository\org\springframework\boot\spring-boot\2.3.3.RELEASE\spring-boot-2.3.3.RELEASE.jar;G:\Java\apache-maven-3.5.4\mvn_repository\org\springframework\boot\spring-boot-autoconfigure\2.3.3.RELEASE\spring-boot-autoconfigure-2.3.3.RELEASE.jar;G:\Java\apache-maven-3.5.4\mvn_repository\org\springframework\boot\spring-boot-starter-logging\2.3.3.RELEASE\spring-boot-starter-logging-2.3.3.RELEASE.jar;G:\Java\apache-maven-3.5.4\mvn_repository\ch\qos\logback\logback-classic\1.2.3\logback-classic-1.2.3.jar;G:\Java\apache-maven-3.5.4\mvn_repository\ch\qos\logback\logback-core\1.2.3\logback-core-1.2.3.jar;G:\Java\apache-maven-3.5.4\mvn_repository\org\apache\logging\log4j\log4j-to-slf4j\2.13.3\log4j-to-slf4j-2.13.3.jar;G:\Java\apache-maven-3.5.4\mvn_repository\org\apache\logging\log4j\log4j-api\2.13.3\log4j-api-2.13.3.jar;G:\Java\apache-maven-3.5.4\mvn_repository\org\slf4j\jul-to-slf4j\1.7.30\jul-to-slf4j-1.7.30.jar;G:\Java\apache-maven-3.5.4\mvn_repository\jakarta\annotation\jakarta.annotation-api\1.3.5\jakarta.annotation-api-1.3.5.jar;G:\Java\apache-maven-3.5.4\mvn_repository\org\yaml\snakeyaml\1.26\snakeyaml-1.26.jar;G:\Java\apache-maven-3.5.4\mvn_repository\org\springframework\boot\spring-boot-starter-json\2.3.3.RELEASE\spring-boot-starter-json-2.3.3.RELEASE.jar;G:\Java\apache-maven-3.5.4\mvn_repository\com\fasterxml\jackson\core\jackson-databind\2.11.2\jackson-databind-2.11.2.jar;G:\Java\apache-maven-3.5.4\mvn_repository\com\fasterxml\jackson\core\jackson-core\2.11.2\jackson-core-2.11.2.jar;G:\Java\apache-maven-3.5.4\mvn_repository\com\fasterxml\jackson\datatype\jackson-datatype-jdk8\2.11.2\jackson-datatype-jdk8-2.11.2.jar;G:\Java\apache-maven-3.5.4\mvn_repository\com\fasterxml\jackson\datatype\jackson-datatype-jsr310\2.11.2\jackson-datatype-jsr310-2.11.2.jar;G:\Java\apache-maven-3.5.4\mvn_repository\com\fasterxml\jackson\module\jackson-module-parameter-names\2.11.2\jackson-module-parameter-names-2.11.2.jar;G:\Java\apache-maven-3.5.4\mvn_repository\org\springframework\boot\spring-boot-starter-tomcat\2.3.3.RELEASE\spring-boot-starter-tomcat-2.3.3.RELEASE.jar;G:\Java\apache-maven-3.5.4\mvn_repository\org\apache\tomcat\embed\tomcat-embed-core\9.0.37\tomcat-embed-core-9.0.37.jar;G:\Java\apache-maven-3.5.4\mvn_repository\org\glassfish\jakarta.el\3.0.3\jakarta.el-3.0.3.jar;G:\Java\apache-maven-3.5.4\mvn_repository\org\apache\tomcat\embed\tomcat-embed-websocket\9.0.37\tomcat-embed-websocket-9.0.37.jar;G:\Java\apache-maven-3.5.4\mvn_repository\org\springframework\spring-web\5.2.8.RELEASE\spring-web-5.2.8.RELEASE.jar;G:\Java\apache-maven-3.5.4\mvn_repository\org\springframework\spring-beans\5.2.8.RELEASE\spring-beans-5.2.8.RELEASE.jar;G:\Java\apache-maven-3.5.4\mvn_repository\org\springframework\spring-webmvc\5.2.8.RELEASE\spring-webmvc-5.2.8.RELEASE.jar;G:\Java\apache-maven-3.5.4\mvn_repository\org\springframework\spring-aop\5.2.8.RELEASE\spring-aop-5.2.8.RELEASE.jar;G:\Java\apache-maven-3.5.4\mvn_repository\org\springframework\spring-context\5.2.8.RELEASE\spring-context-5.2.8.RELEASE.jar;G:\Java\apache-maven-3.5.4\mvn_repository\org\springframework\spring-expression\5.2.8.RELEASE\spring-expression-5.2.8.RELEASE.jar;G:\Java\apache-maven-3.5.4\mvn_repository\org\springframework\boot\spring-boot-starter-test\2.3.3.RELEASE\spring-boot-starter-test-2.3.3.RELEASE.jar;G:\Java\apache-maven-3.5.4\mvn_repository\org\springframework\boot\spring-boot-test\2.3.3.RELEASE\spring-boot-test-2.3.3.RELEASE.jar;G:\Java\apache-maven-3.5.4\mvn_repository\org\springframework\boot\spring-boot-test-autoconfigure\2.3.3.RELEASE\spring-boot-test-autoconfigure-2.3.3.RELEASE.jar;G:\Java\apache-maven-3.5.4\mvn_repository\com\jayway\jsonpath\json-path\2.4.0\json-path-2.4.0.jar;G:\Java\apache-maven-3.5.4\mvn_repository\net\minidev\json-smart\2.3\json-smart-2.3.jar;G:\Java\apache-maven-3.5.4\mvn_repository\net\minidev\accessors-smart\1.2\accessors-smart-1.2.jar;G:\Java\apache-maven-3.5.4\mvn_repository\org\ow2\asm\asm\5.0.4\asm-5.0.4.jar;G:\Java\apache-maven-3.5.4\mvn_repository\jakarta\xml\bind\jakarta.xml.bind-api\2.3.3\jakarta.xml.bind-api-2.3.3.jar;G:\Java\apache-maven-3.5.4\mvn_repository\jakarta\activation\jakarta.activation-api\1.2.2\jakarta.activation-api-1.2.2.jar;G:\Java\apache-maven-3.5.4\mvn_repository\org\assertj\assertj-core\3.16.1\assertj-core-3.16.1.jar;G:\Java\apache-maven-3.5.4\mvn_repository\org\hamcrest\hamcrest\2.2\hamcrest-2.2.jar;G:\Java\apache-maven-3.5.4\mvn_repository\org\junit\jupiter\junit-jupiter\5.6.2\junit-jupiter-5.6.2.jar;G:\Java\apache-maven-3.5.4\mvn_repository\org\junit\jupiter\junit-jupiter-api\5.6.2\junit-jupiter-api-5.6.2.jar;G:\Java\apache-maven-3.5.4\mvn_repository\org\apiguardian\apiguardian-api\1.1.0\apiguardian-api-1.1.0.jar;G:\Java\apache-maven-3.5.4\mvn_repository\org\opentest4j\opentest4j\1.2.0\opentest4j-1.2.0.jar;G:\Java\apache-maven-3.5.4\mvn_repository\org\junit\platform\junit-platform-commons\1.6.2\junit-platform-commons-1.6.2.jar;G:\Java\apache-maven-3.5.4\mvn_repository\org\junit\jupiter\junit-jupiter-params\5.6.2\junit-jupiter-params-5.6.2.jar;G:\Java\apache-maven-3.5.4\mvn_repository\org\junit\jupiter\junit-jupiter-engine\5.6.2\junit-jupiter-engine-5.6.2.jar;G:\Java\apache-maven-3.5.4\mvn_repository\org\junit\platform\junit-platform-engine\1.6.2\junit-platform-engine-1.6.2.jar;G:\Java\apache-maven-3.5.4\mvn_repository\org\mockito\mockito-core\3.3.3\mockito-core-3.3.3.jar;G:\Java\apache-maven-3.5.4\mvn_repository\net\bytebuddy\byte-buddy\1.10.14\byte-buddy-1.10.14.jar;G:\Java\apache-maven-3.5.4\mvn_repository\net\bytebuddy\byte-buddy-agent\1.10.14\byte-buddy-agent-1.10.14.jar;G:\Java\apache-maven-3.5.4\mvn_repository\org\objenesis\objenesis\2.6\objenesis-2.6.jar;G:\Java\apache-maven-3.5.4\mvn_repository\org\mockito\mockito-junit-jupiter\3.3.3\mockito-junit-jupiter-3.3.3.jar;G:\Java\apache-maven-3.5.4\mvn_repository\org\skyscreamer\jsonassert\1.5.0\jsonassert-1.5.0.jar;G:\Java\apache-maven-3.5.4\mvn_repository\com\vaadin\external\google\android-json\0.0.20131108.vaadin1\android-json-0.0.20131108.vaadin1.jar;G:\Java\apache-maven-3.5.4\mvn_repository\org\springframework\spring-core\5.2.8.RELEASE\spring-core-5.2.8.RELEASE.jar;G:\Java\apache-maven-3.5.4\mvn_repository\org\springframework\spring-jcl\5.2.8.RELEASE\spring-jcl-5.2.8.RELEASE.jar;G:\Java\apache-maven-3.5.4\mvn_repository\org\springframework\spring-test\5.2.8.RELEASE\spring-test-5.2.8.RELEASE.jar;G:\Java\apache-maven-3.5.4\mvn_repository\org\xmlunit\xmlunit-core\2.7.0\xmlunit-core-2.7.0.jar;G:\Java\apache-maven-3.5.4\mvn_repository\io\springfox\springfox-swagger2\2.9.2\springfox-swagger2-2.9.2.jar;G:\Java\apache-maven-3.5.4\mvn_repository\io\swagger\swagger-annotations\1.5.20\swagger-annotations-1.5.20.jar;G:\Java\apache-maven-3.5.4\mvn_repository\io\swagger\swagger-models\1.5.20\swagger-models-1.5.20.jar;G:\Java\apache-maven-3.5.4\mvn_repository\com\fasterxml\jackson\core\jackson-annotations\2.11.2\jackson-annotations-2.11.2.jar;G:\Java\apache-maven-3.5.4\mvn_repository\io\springfox\springfox-spi\2.9.2\springfox-spi-2.9.2.jar;G:\Java\apache-maven-3.5.4\mvn_repository\io\springfox\springfox-core\2.9.2\springfox-core-2.9.2.jar;G:\Java\apache-maven-3.5.4\mvn_repository\io\springfox\springfox-schema\2.9.2\springfox-schema-2.9.2.jar;G:\Java\apache-maven-3.5.4\mvn_repository\io\springfox\springfox-swagger-common\2.9.2\springfox-swagger-common-2.9.2.jar;G:\Java\apache-maven-3.5.4\mvn_repository\io\springfox\springfox-spring-web\2.9.2\springfox-spring-web-2.9.2.jar;G:\Java\apache-maven-3.5.4\mvn_repository\com\google\guava\guava\20.0\guava-20.0.jar;G:\Java\apache-maven-3.5.4\mvn_repository\com\fasterxml\classmate\1.5.1\classmate-1.5.1.jar;G:\Java\apache-maven-3.5.4\mvn_repository\org\slf4j\slf4j-api\1.7.30\slf4j-api-1.7.30.jar;G:\Java\apache-maven-3.5.4\mvn_repository\org\springframework\plugin\spring-plugin-core\1.2.0.RELEASE\spring-plugin-core-1.2.0.RELEASE.jar;G:\Java\apache-maven-3.5.4\mvn_repository\org\springframework\plugin\spring-plugin-metadata\1.2.0.RELEASE\spring-plugin-metadata-1.2.0.RELEASE.jar;G:\Java\apache-maven-3.5.4\mvn_repository\org\mapstruct\mapstruct\1.2.0.Final\mapstruct-1.2.0.Final.jar;G:\Java\apache-maven-3.5.4\mvn_repository\io\springfox\springfox-swagger-ui\2.9.2\springfox-swagger-ui-2.9.2.jar;"/>
    <property name="sun.cpu.endian" value="little"/>
    <property name="user.home" value="C:\Users\qiugantao"/>
    <property name="user.language" value="zh"/>
    <property name="java.specification.vendor" value="Oracle Corporation"/>
    <property name="java.home" value="C:\Program Files\Java\jdk1.8.0_181\jre"/>
    <property name="basedir" value="G:\Java\源码\demo\swagger"/>
    <property name="file.separator" value="\"/>
    <property name="line.separator" value="&#10;"/>
    <property name="java.vm.specification.vendor" value="Oracle Corporation"/>
    <property name="java.specification.name" value="Java Platform API Specification"/>
    <property name="java.awt.graphicsenv" value="sun.awt.Win32GraphicsEnvironment"/>
    <property name="surefire.real.class.path" value="C:\Users\QIUGAN~1\AppData\Local\Temp\surefire9063141085017540757\surefirebooter3121780501330295714.jar"/>
    <property name="sun.boot.class.path" value="C:\Program Files\Java\jdk1.8.0_181\jre\lib\resources.jar;C:\Program Files\Java\jdk1.8.0_181\jre\lib\rt.jar;C:\Program Files\Java\jdk1.8.0_181\jre\lib\sunrsasign.jar;C:\Program Files\Java\jdk1.8.0_181\jre\lib\jsse.jar;C:\Program Files\Java\jdk1.8.0_181\jre\lib\jce.jar;C:\Program Files\Java\jdk1.8.0_181\jre\lib\charsets.jar;C:\Program Files\Java\jdk1.8.0_181\jre\lib\jfr.jar;C:\Program Files\Java\jdk1.8.0_181\jre\classes"/>
    <property name="user.script" value=""/>
    <property name="sun.management.compiler" value="HotSpot 64-Bit Tiered Compilers"/>
    <property name="java.runtime.version" value="1.8.0_181-b13"/>
    <property name="user.name" value="qiugantao"/>
    <property name="path.separator" value=";"/>
    <property name="os.version" value="6.1"/>
    <property name="java.endorsed.dirs" value="C:\Program Files\Java\jdk1.8.0_181\jre\lib\endorsed"/>
    <property name="java.runtime.name" value="Java(TM) SE Runtime Environment"/>
    <property name="file.encoding" value="GBK"/>
    <property name="java.vm.name" value="Java HotSpot(TM) 64-Bit Server VM"/>
    <property name="localRepository" value="G:\Java\apache-maven-3.5.4\mvn_repository"/>
    <property name="java.vendor.url.bug" value="http://bugreport.sun.com/bugreport/"/>
    <property name="java.io.tmpdir" value="C:\Users\QIUGAN~1\AppData\Local\Temp\"/>
    <property name="java.version" value="1.8.0_181"/>
    <property name="user.dir" value="G:\Java\源码\demo\swagger"/>
    <property name="os.arch" value="amd64"/>
    <property name="java.vm.specification.name" value="Java Virtual Machine Specification"/>
    <property name="java.awt.printerjob" value="sun.awt.windows.WPrinterJob"/>
    <property name="sun.os.patch.level" value="Service Pack 1"/>
    <property name="idea.version2019.1" value="true"/>
    <property name="java.library.path" value="C:\Program Files\Java\jdk1.8.0_181\jre\bin;C:\windows\Sun\Java\bin;C:\windows\system32;C:\windows;D:\app\client\qiugantao\product\12.1.0\client_1\bin;C:\Program Files (x86)\Common Files\Oracle\Java\javapath;C:\Program Files (x86)\Common Files\NetSarang;D:\DevSuiteHome_1\jdk\jre\bin\classic;D:\DevSuiteHome_1\jdk\jre\bin;D:\DevSuiteHome_1\jdk\jre\bin\client;D:\DevSuiteHome_1\jlib;D:\DevSuiteHome_1\bin;D:\DevSuiteHome_1\jre\1.4.2\bin\client;D:\DevSuiteHome_1\jre\1.4.2\bin;C:\windows\system32;C:\windows;C:\windows\System32\Wbem;C:\windows\System32\WindowsPowerShell\v1.0\;C:\Program Files\TortoiseSVN\bin;G:\Java\apache-maven-3.5.4\bin;C:\Program Files\Java\jdk1.8.0_181\bin;C:\Program Files\Java\jdk1.8.0_181\jre\bin;G:\前端开发\project\h5-res-angular-tools\h5-res-angular-tools\node_modules\.bin;C:\;rogram Files\nodejs\;C:\Program Files\Git\cmd;C:\Program Files\nodejs\;C:\Users\qiugantao\AppData\Roaming\npm;."/>
    <property name="java.vm.info" value="mixed mode"/>
    <property name="java.vendor" value="Oracle Corporation"/>
    <property name="java.vm.version" value="25.181-b13"/>
    <property name="java.ext.dirs" value="C:\Program Files\Java\jdk1.8.0_181\jre\lib\ext;C:\windows\Sun\Java\lib\ext"/>
    <property name="sun.io.unicode.encoding" value="UnicodeLittle"/>
    <property name="java.class.version" value="52.0"/>
  </properties>
  <testcase name="contextLoads" classname="com.example.swagger.SwaggerApplicationTests" time="0.62"/>
</testsuite>